E, [2016-10-21T11:06:28.807377 #11446] ERROR -- Kitchen: ------Exception-------
E, [2016-10-21T11:06:28.807444 #11446] ERROR -- Kitchen: Class: Kitchen::UserError
E, [2016-10-21T11:06:28.807464 #11446] ERROR -- Kitchen: Message: Kitchen YAML file /home/tthompson/build/repos/mine/chef-repo/cookbooks/.kitchen.yml does not exist.
E, [2016-10-21T11:06:28.807477 #11446] ERROR -- Kitchen: ------Backtrace-------
E, [2016-10-21T11:06:28.807489 #11446] ERROR -- Kitchen: /opt/chefdk/embedded/lib/ruby/gems/2.1.0/gems/test-kitchen-1.4.2/lib/kitchen/loader/yaml.rb:74:in `read'
E, [2016-10-21T11:06:28.807501 #11446] ERROR -- Kitchen: /opt/chefdk/embedded/lib/ruby/gems/2.1.0/gems/test-kitchen-1.4.2/lib/kitchen/config.rb:145:in `data'
E, [2016-10-21T11:06:28.807512 #11446] ERROR -- Kitchen: /opt/chefdk/embedded/lib/ruby/gems/2.1.0/gems/test-kitchen-1.4.2/lib/kitchen/config.rb:124:in `suites'
E, [2016-10-21T11:06:28.807523 #11446] ERROR -- Kitchen: /opt/chefdk/embedded/lib/ruby/gems/2.1.0/gems/test-kitchen-1.4.2/lib/kitchen/config.rb:175:in `filter_instances'
E, [2016-10-21T11:06:28.807547 #11446] ERROR -- Kitchen: /opt/chefdk/embedded/lib/ruby/gems/2.1.0/gems/test-kitchen-1.4.2/lib/kitchen/config.rb:134:in `build_instances'
E, [2016-10-21T11:06:28.807558 #11446] ERROR -- Kitchen: /opt/chefdk/embedded/lib/ruby/gems/2.1.0/gems/test-kitchen-1.4.2/lib/kitchen/config.rb:110:in `instances'
E, [2016-10-21T11:06:28.807571 #11446] ERROR -- Kitchen: /opt/chefdk/embedded/lib/ruby/gems/2.1.0/gems/test-kitchen-1.4.2/lib/kitchen/command.rb:115:in `filtered_instances'
E, [2016-10-21T11:06:28.807582 #11446] ERROR -- Kitchen: /opt/chefdk/embedded/lib/ruby/gems/2.1.0/gems/test-kitchen-1.4.2/lib/kitchen/command.rb:145:in `parse_subcommand'
E, [2016-10-21T11:06:28.807592 #11446] ERROR -- Kitchen: /opt/chefdk/embedded/lib/ruby/gems/2.1.0/gems/test-kitchen-1.4.2/lib/kitchen/command/list.rb:32:in `call'
E, [2016-10-21T11:06:28.807603 #11446] ERROR -- Kitchen: /opt/chefdk/embedded/lib/ruby/gems/2.1.0/gems/test-kitchen-1.4.2/lib/kitchen/cli.rb:56:in `perform'
E, [2016-10-21T11:06:28.807616 #11446] ERROR -- Kitchen: /opt/chefdk/embedded/lib/ruby/gems/2.1.0/gems/test-kitchen-1.4.2/lib/kitchen/cli.rb:108:in `list'
E, [2016-10-21T11:06:28.807627 #11446] ERROR -- Kitchen: /opt/chefdk/embedded/lib/ruby/gems/2.1.0/gems/thor-0.19.1/lib/thor/command.rb:27:in `run'
E, [2016-10-21T11:06:28.807637 #11446] ERROR -- Kitchen: /opt/chefdk/embedded/lib/ruby/gems/2.1.0/gems/thor-0.19.1/lib/thor/invocation.rb:126:in `invoke_command'
E, [2016-10-21T11:06:28.807646 #11446] ERROR -- Kitchen: /opt/chefdk/embedded/lib/ruby/gems/2.1.0/gems/test-kitchen-1.4.2/lib/kitchen/cli.rb:308:in `invoke_task'
E, [2016-10-21T11:06:28.807655 #11446] ERROR -- Kitchen: /opt/chefdk/embedded/lib/ruby/gems/2.1.0/gems/thor-0.19.1/lib/thor.rb:359:in `dispatch'
E, [2016-10-21T11:06:28.807665 #11446] ERROR -- Kitchen: /opt/chefdk/embedded/lib/ruby/gems/2.1.0/gems/thor-0.19.1/lib/thor/base.rb:440:in `start'
E, [2016-10-21T11:06:28.807674 #11446] ERROR -- Kitchen: /opt/chefdk/embedded/lib/ruby/gems/2.1.0/gems/test-kitchen-1.4.2/bin/kitchen:13:in `block in <top (required)>'
E, [2016-10-21T11:06:28.807684 #11446] ERROR -- Kitchen: /opt/chefdk/embedded/lib/ruby/gems/2.1.0/gems/test-kitchen-1.4.2/lib/kitchen/errors.rb:154:in `with_friendly_errors'
E, [2016-10-21T11:06:28.807693 #11446] ERROR -- Kitchen: /opt/chefdk/embedded/lib/ruby/gems/2.1.0/gems/test-kitchen-1.4.2/bin/kitchen:13:in `<top (required)>'
E, [2016-10-21T11:06:28.807703 #11446] ERROR -- Kitchen: /opt/chefdk/bin/kitchen:14:in `load'
E, [2016-10-21T11:06:28.807712 #11446] ERROR -- Kitchen: /opt/chefdk/bin/kitchen:14:in `<main>'
E, [2016-10-21T11:06:28.807736 #11446] ERROR -- Kitchen: ----------------------
